<?xml version="1.0" encoding="UTF-8" ?>
<testsuite errors="0" failures="0" hostname="matinal" name="holamundoexcel.LibroTest" skipped="0" tests="7" time="0.774" timestamp="2017-11-03T10:41:58">
  <properties>
[...]
</properties>
  <testcase classname="holamundoexcel.LibroTest" name="testAddHoja" time="0.003" />
  <testcase classname="holamundoexcel.LibroTest" name="testLoad" time="0.001" />
  <testcase classname="holamundoexcel.LibroTest" name="testSave_String" time="0.415" />
  <testcase classname="holamundoexcel.LibroTest" name="testSetNombreArchivo" time="0.0" />
  <testcase classname="holamundoexcel.LibroTest" name="testRemoveHoja" time="0.0" />
  <testcase classname="holamundoexcel.LibroTest" name="testSave_0args" time="0.301" />
  <testcase classname="holamundoexcel.LibroTest" name="testGetNombreArchivo" time="0.001" />
  <system-out><![CDATA[addHoja
load
save
setNombreArchivo
removeHoja
Save
getNombreArchivo
]]></system-out>
  <system-err><![CDATA[]]></system-err>
</testsuite>
